2021-07-04 13:24:19.963 [http-nio-8081-exec-1] DEBUG com.ikeo.service.impl.ContentServiceImpl - Enter getContents method
2021-07-04 13:24:20.229 [http-nio-8081-exec-1] DEBUG com.ikeo.service.impl.ContentServiceImpl - Exit getContents method
2021-07-04 13:24:42.025 [http-nio-8081-exec-4] DEBUG com.ikeo.service.impl.SiteServiceImpl - Enter getArchives method
2021-07-04 13:24:42.059 [http-nio-8081-exec-4] DEBUG com.ikeo.service.impl.SiteServiceImpl - Exit getArchives method
2021-07-04 13:24:45.213 [http-nio-8081-exec-8] DEBUG com.ikeo.service.impl.SiteServiceImpl - Enter getArchives method
2021-07-04 13:24:45.244 [http-nio-8081-exec-8] DEBUG com.ikeo.service.impl.SiteServiceImpl - Exit getArchives method
2021-07-04 13:25:34.380 [http-nio-8081-exec-5] ERROR com.ikeo.controller.GlobalExceptionHandler - find exception:e=query content by id and return is not one
2021-07-04 13:26:40.222 [http-nio-8081-exec-8] ERROR com.ikeo.controller.GlobalExceptionHandler - find exception:e=query content by id and return is not one
2021-07-04 13:26:57.556 [http-nio-8081-exec-9] ERROR com.ikeo.controller.GlobalExceptionHandler - find exception:e=query content by id and return is not one
2021-07-04 13:27:12.648 [http-nio-8081-exec-7] ERROR com.ikeo.controller.GlobalExceptionHandler - find exception:e=query content by id and return is not one
2021-07-04 14:19:36.004 [http-nio-8081-exec-3] ERROR com.ikeo.controller.GlobalExceptionHandler - find exception:e=query content by id and return is not one
2021-07-04 14:27:54.485 [http-nio-8081-exec-7] ERROR com.ikeo.controller.GlobalExceptionHandler - find exception:e=query content by id and return is not one
2021-07-04 14:32:31.300 [http-nio-8081-exec-10] INFO  com.ikeo.controller.admin.IndexController - Enter admin index method
2021-07-04 14:32:31.300 [http-nio-8081-exec-10] DEBUG com.ikeo.service.impl.SiteServiceImpl - Enter recentComments method:limit=5
2021-07-04 14:32:31.466 [http-nio-8081-exec-10] DEBUG com.ikeo.service.impl.SiteServiceImpl - Exit recentComments method
2021-07-04 14:32:31.466 [http-nio-8081-exec-10] DEBUG com.ikeo.service.impl.SiteServiceImpl - Enter recentContents method
2021-07-04 14:32:31.476 [http-nio-8081-exec-10] DEBUG com.ikeo.service.impl.SiteServiceImpl - Exit recentContents method
2021-07-04 14:32:31.476 [http-nio-8081-exec-10] DEBUG com.ikeo.service.impl.SiteServiceImpl - Enter getStatistics method
2021-07-04 14:32:31.539 [http-nio-8081-exec-10] DEBUG com.ikeo.service.impl.SiteServiceImpl - Exit getStatistics method
2021-07-04 14:32:31.539 [http-nio-8081-exec-10] DEBUG com.ikeo.service.impl.LogServiceImpl - Enter getLogs method:page=1,linit=5
2021-07-04 14:32:31.547 [http-nio-8081-exec-10] DEBUG com.ikeo.service.impl.LogServiceImpl - Exit getLogs method
2021-07-04 14:32:31.548 [http-nio-8081-exec-10] INFO  com.ikeo.controller.admin.IndexController - Exit admin index method
2021-07-04 14:33:49.041 [http-nio-8081-exec-6] DEBUG com.ikeo.service.impl.RelationshipServiceImpl - Enter countById method:cid=6,mid=9
2021-07-04 14:33:49.042 [http-nio-8081-exec-6] DEBUG com.ikeo.service.impl.RelationshipServiceImpl - Exit countById method return num=0
2021-07-04 14:33:49.051 [http-nio-8081-exec-6] DEBUG com.ikeo.service.impl.RelationshipServiceImpl - Enter countById method:cid=6,mid=10
2021-07-04 14:33:49.052 [http-nio-8081-exec-6] DEBUG com.ikeo.service.impl.RelationshipServiceImpl - Exit countById method return num=0
2021-07-04 14:33:49.054 [http-nio-8081-exec-6] DEBUG com.ikeo.service.impl.RelationshipServiceImpl - Enter countById method:cid=6,mid=1
2021-07-04 14:33:49.055 [http-nio-8081-exec-6] DEBUG com.ikeo.service.impl.RelationshipServiceImpl - Exit countById method return num=0
2021-07-04 14:34:04.163 [http-nio-8081-exec-5] INFO  com.ikeo.controller.admin.IndexController - Enter admin index method
2021-07-04 14:34:04.163 [http-nio-8081-exec-5] DEBUG com.ikeo.service.impl.SiteServiceImpl - Enter recentComments method:limit=5
2021-07-04 14:34:04.170 [http-nio-8081-exec-5] DEBUG com.ikeo.service.impl.SiteServiceImpl - Exit recentComments method
2021-07-04 14:34:04.170 [http-nio-8081-exec-5] DEBUG com.ikeo.service.impl.SiteServiceImpl - Enter recentContents method
2021-07-04 14:34:04.175 [http-nio-8081-exec-5] DEBUG com.ikeo.service.impl.SiteServiceImpl - Exit recentContents method
2021-07-04 14:34:04.175 [http-nio-8081-exec-5] DEBUG com.ikeo.service.impl.SiteServiceImpl - Enter getStatistics method
2021-07-04 14:34:04.182 [http-nio-8081-exec-5] DEBUG com.ikeo.service.impl.SiteServiceImpl - Exit getStatistics method
2021-07-04 14:34:04.182 [http-nio-8081-exec-5] DEBUG com.ikeo.service.impl.LogServiceImpl - Enter getLogs method:page=1,linit=5
2021-07-04 14:34:04.185 [http-nio-8081-exec-5] DEBUG com.ikeo.service.impl.LogServiceImpl - Exit getLogs method
2021-07-04 14:34:04.185 [http-nio-8081-exec-5] INFO  com.ikeo.controller.admin.IndexController - Exit admin index method
2021-07-04 14:34:37.425 [http-nio-8081-exec-1] INFO  com.ikeo.controller.admin.IndexController - Enter admin index method
2021-07-04 14:34:37.425 [http-nio-8081-exec-1] DEBUG com.ikeo.service.impl.SiteServiceImpl - Enter recentComments method:limit=5
2021-07-04 14:34:37.434 [http-nio-8081-exec-1] DEBUG com.ikeo.service.impl.SiteServiceImpl - Exit recentComments method
2021-07-04 14:34:37.434 [http-nio-8081-exec-1] DEBUG com.ikeo.service.impl.SiteServiceImpl - Enter recentContents method
2021-07-04 14:34:37.437 [http-nio-8081-exec-1] DEBUG com.ikeo.service.impl.SiteServiceImpl - Exit recentContents method
2021-07-04 14:34:37.437 [http-nio-8081-exec-1] DEBUG com.ikeo.service.impl.SiteServiceImpl - Enter getStatistics method
2021-07-04 14:34:37.441 [http-nio-8081-exec-1] DEBUG com.ikeo.service.impl.SiteServiceImpl - Exit getStatistics method
2021-07-04 14:34:37.441 [http-nio-8081-exec-1] DEBUG com.ikeo.service.impl.LogServiceImpl - Enter getLogs method:page=1,linit=5
2021-07-04 14:34:37.448 [http-nio-8081-exec-1] DEBUG com.ikeo.service.impl.LogServiceImpl - Exit getLogs method
2021-07-04 14:34:37.448 [http-nio-8081-exec-1] INFO  com.ikeo.controller.admin.IndexController - Exit admin index method
2021-07-04 14:34:46.226 [http-nio-8081-exec-2] INFO  com.ikeo.controller.admin.IndexController - Enter admin index method
2021-07-04 14:34:46.226 [http-nio-8081-exec-2] DEBUG com.ikeo.service.impl.SiteServiceImpl - Enter recentComments method:limit=5
2021-07-04 14:34:46.230 [http-nio-8081-exec-2] DEBUG com.ikeo.service.impl.SiteServiceImpl - Exit recentComments method
2021-07-04 14:34:46.230 [http-nio-8081-exec-2] DEBUG com.ikeo.service.impl.SiteServiceImpl - Enter recentContents method
2021-07-04 14:34:46.234 [http-nio-8081-exec-2] DEBUG com.ikeo.service.impl.SiteServiceImpl - Exit recentContents method
2021-07-04 14:34:46.234 [http-nio-8081-exec-2] DEBUG com.ikeo.service.impl.SiteServiceImpl - Enter getStatistics method
2021-07-04 14:34:46.240 [http-nio-8081-exec-2] DEBUG com.ikeo.service.impl.SiteServiceImpl - Exit getStatistics method
2021-07-04 14:34:46.240 [http-nio-8081-exec-2] DEBUG com.ikeo.service.impl.LogServiceImpl - Enter getLogs method:page=1,linit=5
2021-07-04 14:34:46.245 [http-nio-8081-exec-2] DEBUG com.ikeo.service.impl.LogServiceImpl - Exit getLogs method
2021-07-04 14:34:46.245 [http-nio-8081-exec-2] INFO  com.ikeo.controller.admin.IndexController - Exit admin index method
2021-07-04 17:27:05.279 [http-nio-8081-exec-10] INFO  com.ikeo.controller.admin.IndexController - Enter admin index method
2021-07-04 17:27:05.279 [http-nio-8081-exec-10] DEBUG com.ikeo.service.impl.SiteServiceImpl - Enter recentComments method:limit=5
2021-07-04 17:27:05.287 [http-nio-8081-exec-10] DEBUG com.ikeo.service.impl.SiteServiceImpl - Exit recentComments method
2021-07-04 17:27:05.287 [http-nio-8081-exec-10] DEBUG com.ikeo.service.impl.SiteServiceImpl - Enter recentContents method
2021-07-04 17:27:05.301 [http-nio-8081-exec-10] DEBUG com.ikeo.service.impl.SiteServiceImpl - Exit recentContents method
2021-07-04 17:27:05.301 [http-nio-8081-exec-10] DEBUG com.ikeo.service.impl.SiteServiceImpl - Enter getStatistics method
2021-07-04 17:27:05.311 [http-nio-8081-exec-10] DEBUG com.ikeo.service.impl.SiteServiceImpl - Exit getStatistics method
2021-07-04 17:27:05.311 [http-nio-8081-exec-10] DEBUG com.ikeo.service.impl.LogServiceImpl - Enter getLogs method:page=1,linit=5
2021-07-04 17:27:05.315 [http-nio-8081-exec-10] DEBUG com.ikeo.service.impl.LogServiceImpl - Exit getLogs method
2021-07-04 17:27:05.315 [http-nio-8081-exec-10] INFO  com.ikeo.controller.admin.IndexController - Exit admin index method
2021-07-04 17:31:24.565 [http-nio-8081-exec-7] INFO  com.ikeo.controller.admin.IndexController - Enter admin index method
2021-07-04 17:31:24.565 [http-nio-8081-exec-7] DEBUG com.ikeo.service.impl.SiteServiceImpl - Enter recentComments method:limit=5
2021-07-04 17:31:24.571 [http-nio-8081-exec-7] DEBUG com.ikeo.service.impl.SiteServiceImpl - Exit recentComments method
2021-07-04 17:31:24.571 [http-nio-8081-exec-7] DEBUG com.ikeo.service.impl.SiteServiceImpl - Enter recentContents method
2021-07-04 17:31:24.580 [http-nio-8081-exec-7] DEBUG com.ikeo.service.impl.SiteServiceImpl - Exit recentContents method
2021-07-04 17:31:24.580 [http-nio-8081-exec-7] DEBUG com.ikeo.service.impl.SiteServiceImpl - Enter getStatistics method
2021-07-04 17:31:24.585 [http-nio-8081-exec-7] DEBUG com.ikeo.service.impl.SiteServiceImpl - Exit getStatistics method
2021-07-04 17:31:24.585 [http-nio-8081-exec-7] DEBUG com.ikeo.service.impl.LogServiceImpl - Enter getLogs method:page=1,linit=5
2021-07-04 17:31:24.588 [http-nio-8081-exec-7] DEBUG com.ikeo.service.impl.LogServiceImpl - Exit getLogs method
2021-07-04 17:31:24.588 [http-nio-8081-exec-7] INFO  com.ikeo.controller.admin.IndexController - Exit admin index method
2021-07-06 14:53:54.337 [http-nio-8081-exec-1] ERROR com.ikeo.controller.GlobalExceptionHandler - find exception:e=query content by id and return is not one
2021-07-06 14:54:02.732 [http-nio-8081-exec-10] DEBUG com.ikeo.service.impl.ContentServiceImpl - Enter getContents method
2021-07-06 14:54:02.770 [http-nio-8081-exec-10] DEBUG com.ikeo.service.impl.ContentServiceImpl - Exit getContents method
2021-07-06 14:54:12.781 [http-nio-8081-exec-10] ERROR com.ikeo.controller.GlobalExceptionHandler - find exception:e=query content by id and return is not one
2021-07-06 14:56:26.291 [http-nio-8081-exec-1] DEBUG com.ikeo.service.impl.ContentServiceImpl - Enter getContents method
2021-07-06 14:56:26.378 [http-nio-8081-exec-1] DEBUG com.ikeo.service.impl.ContentServiceImpl - Exit getContents method
2021-07-06 14:56:46.223 [http-nio-8081-exec-4] ERROR com.ikeo.controller.GlobalExceptionHandler - find exception:e=query content by id and return is not one
2021-07-06 14:56:50.525 [http-nio-8081-exec-9] ERROR com.ikeo.controller.GlobalExceptionHandler - find exception:e=query content by id and return is not one
2021-07-06 14:57:21.648 [http-nio-8081-exec-3] ERROR com.ikeo.controller.GlobalExceptionHandler - find exception:e=query content by id and return is not one
2021-07-06 14:58:16.673 [http-nio-8081-exec-3] ERROR com.ikeo.controller.GlobalExceptionHandler - find exception:e=query content by id and return is not one
2021-07-06 14:59:03.720 [http-nio-8081-exec-2] ERROR com.ikeo.controller.GlobalExceptionHandler - find exception:e=query content by id and return is not one
2021-07-06 14:59:24.104 [http-nio-8081-exec-6] ERROR com.ikeo.controller.GlobalExceptionHandler - find exception:e=query content by id and return is not one
2021-07-06 15:00:31.426 [http-nio-8081-exec-9] ERROR com.ikeo.controller.GlobalExceptionHandler - find exception:e=Required request parameter 'filename' for method parameter type String is not present
2021-07-06 15:01:24.561 [http-nio-8081-exec-2] ERROR com.ikeo.controller.GlobalExceptionHandler - find exception:e=query content by id and return is not one
2021-07-06 15:03:17.799 [http-nio-8081-exec-7] ERROR com.ikeo.controller.GlobalExceptionHandler - find exception:e=query content by id and return is not one
2021-07-06 15:04:23.000 [http-nio-8081-exec-9] ERROR com.ikeo.controller.GlobalExceptionHandler - find exception:e=null
2021-07-06 15:04:45.222 [http-nio-8081-exec-6] ERROR com.ikeo.controller.GlobalExceptionHandler - find exception:e=query content by id and return is not one
2021-07-06 15:04:51.096 [http-nio-8081-exec-3] ERROR com.ikeo.controller.GlobalExceptionHandler - find exception:e=query content by id and return is not one
2021-07-06 15:05:48.528 [http-nio-8081-exec-9] ERROR com.ikeo.controller.GlobalExceptionHandler - find exception:e=query content by id and return is not one
2021-07-06 15:05:51.122 [http-nio-8081-exec-4] ERROR com.ikeo.controller.GlobalExceptionHandler - find exception:e=query content by id and return is not one
2021-07-06 15:06:09.236 [http-nio-8081-exec-2] ERROR com.ikeo.controller.GlobalExceptionHandler - find exception:e=query content by id and return is not one
2021-07-06 15:08:06.955 [http-nio-8081-exec-9] ERROR com.ikeo.controller.GlobalExceptionHandler - find exception:e=query content by id and return is not one
2021-07-06 15:26:06.093 [http-nio-8081-exec-3] ERROR com.ikeo.controller.GlobalExceptionHandler - find exception:e=query content by id and return is not one
2021-07-06 15:30:50.083 [http-nio-8081-exec-5] ERROR com.ikeo.controller.GlobalExceptionHandler - find exception:e=query content by id and return is not one
2021-07-06 15:31:02.915 [http-nio-8081-exec-8] ERROR com.ikeo.controller.GlobalExceptionHandler - find exception:e=query content by id and return is not one
2021-07-06 15:31:27.991 [http-nio-8081-exec-10] ERROR com.ikeo.controller.GlobalExceptionHandler - find exception:e=query content by id and return is not one
2021-07-06 15:33:36.277 [http-nio-8081-exec-1] ERROR com.ikeo.controller.GlobalExceptionHandler - find exception:e=query content by id and return is not one
2021-07-06 15:33:36.936 [http-nio-8081-exec-3] ERROR com.ikeo.controller.GlobalExceptionHandler - find exception:e=query content by id and return is not one
2021-07-06 15:33:38.514 [http-nio-8081-exec-5] ERROR com.ikeo.controller.GlobalExceptionHandler - find exception:e=query content by id and return is not one
2021-07-06 15:33:38.669 [http-nio-8081-exec-7] ERROR com.ikeo.controller.GlobalExceptionHandler - find exception:e=query content by id and return is not one
2021-07-06 15:33:38.824 [http-nio-8081-exec-9] ERROR com.ikeo.controller.GlobalExceptionHandler - find exception:e=query content by id and return is not one
2021-07-06 15:33:52.676 [http-nio-8081-exec-1] ERROR com.ikeo.controller.GlobalExceptionHandler - find exception:e=query content by id and return is not one
2021-07-06 15:36:08.997 [http-nio-8081-exec-4] ERROR com.ikeo.controller.GlobalExceptionHandler - find exception:e=query content by id and return is not one
2021-07-06 15:36:59.011 [http-nio-8081-exec-6] ERROR com.ikeo.controller.GlobalExceptionHandler - find exception:e=query content by id and return is not one
2021-07-06 15:37:13.344 [http-nio-8081-exec-8] ERROR com.ikeo.controller.GlobalExceptionHandler - find exception:e=query content by id and return is not one
2021-07-06 15:37:38.198 [http-nio-8081-exec-10] ERROR com.ikeo.controller.GlobalExceptionHandler - find exception:e=query content by id and return is not one
2021-07-06 15:37:44.769 [http-nio-8081-exec-1] ERROR com.ikeo.controller.GlobalExceptionHandler - find exception:e=query content by id and return is not one
2021-07-06 15:37:48.054 [http-nio-8081-exec-2] ERROR com.ikeo.controller.GlobalExceptionHandler - find exception:e=query content by id and return is not one
2021-07-06 15:37:49.941 [http-nio-8081-exec-4] ERROR com.ikeo.controller.GlobalExceptionHandler - find exception:e=query content by id and return is not one
2021-07-06 15:40:25.891 [http-nio-8081-exec-10] ERROR com.ikeo.controller.GlobalExceptionHandler - find exception:e=query content by id and return is not one
2021-07-06 15:42:41.516 [http-nio-8081-exec-3] ERROR com.ikeo.controller.GlobalExceptionHandler - find exception:e=query content by id and return is not one
2021-07-06 15:42:45.903 [http-nio-8081-exec-5] ERROR com.ikeo.controller.GlobalExceptionHandler - find exception:e=query content by id and return is not one
2021-07-06 15:42:48.611 [http-nio-8081-exec-8] ERROR com.ikeo.controller.GlobalExceptionHandler - find exception:e=query content by id and return is not one
2021-07-06 15:42:58.715 [http-nio-8081-exec-9] ERROR com.ikeo.controller.GlobalExceptionHandler - find exception:e=query content by id and return is not one
2021-07-06 15:43:23.868 [http-nio-8081-exec-1] ERROR com.ikeo.controller.GlobalExceptionHandler - find exception:e=query content by id and return is not one
2021-07-06 15:52:16.795 [http-nio-8081-exec-7] ERROR com.ikeo.controller.GlobalExceptionHandler - find exception:e=query content by id and return is not one
2021-07-06 15:53:39.229 [http-nio-8081-exec-7] ERROR com.ikeo.controller.GlobalExceptionHandler - find exception:e=query content by id and return is not one
2021-07-06 15:58:25.535 [http-nio-8081-exec-4] ERROR com.ikeo.controller.GlobalExceptionHandler - find exception:e=query content by id and return is not one
2021-07-06 15:58:35.552 [http-nio-8081-exec-5] INFO  com.ikeo.controller.admin.IndexController - Enter admin index method
2021-07-06 15:58:35.552 [http-nio-8081-exec-5] DEBUG com.ikeo.service.impl.SiteServiceImpl - Enter recentComments method:limit=5
2021-07-06 15:58:35.587 [http-nio-8081-exec-5] DEBUG com.ikeo.service.impl.SiteServiceImpl - Exit recentComments method
2021-07-06 15:58:35.587 [http-nio-8081-exec-5] DEBUG com.ikeo.service.impl.SiteServiceImpl - Enter recentContents method
2021-07-06 15:58:35.595 [http-nio-8081-exec-5] DEBUG com.ikeo.service.impl.SiteServiceImpl - Exit recentContents method
2021-07-06 15:58:35.595 [http-nio-8081-exec-5] DEBUG com.ikeo.service.impl.SiteServiceImpl - Enter getStatistics method
2021-07-06 15:58:35.604 [http-nio-8081-exec-5] DEBUG com.ikeo.service.impl.SiteServiceImpl - Exit getStatistics method
2021-07-06 15:58:35.605 [http-nio-8081-exec-5] DEBUG com.ikeo.service.impl.LogServiceImpl - Enter getLogs method:page=1,linit=5
2021-07-06 15:58:35.610 [http-nio-8081-exec-5] DEBUG com.ikeo.service.impl.LogServiceImpl - Exit getLogs method
2021-07-06 15:58:35.610 [http-nio-8081-exec-5] INFO  com.ikeo.controller.admin.IndexController - Exit admin index method
2021-07-06 15:59:13.915 [http-nio-8081-exec-2] ERROR com.ikeo.controller.GlobalExceptionHandler - find exception:e=query content by id and return is not one
2021-07-06 15:59:37.740 [http-nio-8081-exec-8] ERROR com.ikeo.controller.GlobalExceptionHandler - find exception:e=query content by id and return is not one
2021-07-06 16:01:18.980 [http-nio-8081-exec-9] ERROR com.ikeo.controller.GlobalExceptionHandler - find exception:e=query content by id and return is not one
2021-07-06 16:01:21.597 [http-nio-8081-exec-2] ERROR com.ikeo.controller.GlobalExceptionHandler - find exception:e=query content by id and return is not one
2021-07-06 16:01:21.805 [http-nio-8081-exec-4] ERROR com.ikeo.controller.GlobalExceptionHandler - find exception:e=query content by id and return is not one
2021-07-06 16:01:22.020 [http-nio-8081-exec-8] ERROR com.ikeo.controller.GlobalExceptionHandler - find exception:e=query content by id and return is not one
2021-07-06 16:01:22.228 [http-nio-8081-exec-5] ERROR com.ikeo.controller.GlobalExceptionHandler - find exception:e=query content by id and return is not one
2021-07-06 16:01:22.413 [http-nio-8081-exec-9] ERROR com.ikeo.controller.GlobalExceptionHandler - find exception:e=query content by id and return is not one
2021-07-06 16:01:22.600 [http-nio-8081-exec-2] ERROR com.ikeo.controller.GlobalExceptionHandler - find exception:e=query content by id and return is not one
2021-07-06 16:01:32.859 [http-nio-8081-exec-6] ERROR com.ikeo.controller.GlobalExceptionHandler - find exception:e=query content by id and return is not one
2021-07-06 16:01:40.717 [http-nio-8081-exec-7] ERROR com.ikeo.controller.GlobalExceptionHandler - find exception:e=query content by id and return is not one
2021-07-06 16:13:59.452 [http-nio-8081-exec-4] ERROR com.ikeo.controller.GlobalExceptionHandler - find exception:e=query content by id and return is not one
2021-07-06 16:14:02.261 [http-nio-8081-exec-5] ERROR com.ikeo.controller.GlobalExceptionHandler - find exception:e=query content by id and return is not one
2021-07-06 16:14:14.317 [http-nio-8081-exec-7] ERROR com.ikeo.controller.GlobalExceptionHandler - find exception:e=query content by id and return is not one
